6.2118 	WARNING 	User requested fullscreen with size [800 600], but screen is actually [1920, 1080]. Using actual size
6.6379 	EXP 	Created equation_first_term = ImageStim(__class__=<class 'psychopy.visual.image.ImageStim'>, anchor=('center', 'center'), autoLog=True, color=array([1., 1., 1.]), colorSpace='rgb', contrast=1.0, depth=-1.0, flipHoriz=False, flipVert=False, image=None, interpolate=True, mask=None, maskParams=None, name='equation_first_term', opacity=1.0, ori=0.0, pos=array([0., 0.]), size=array([1.125, 2.   ]), texRes=128, units='norm', win=Window(...))
6.6395 	EXP 	Created equation_operator = ImageStim(__class__=<class 'psychopy.visual.image.ImageStim'>, anchor=('center', 'center'), autoLog=True, color=array([1., 1., 1.]), colorSpace='rgb', contrast=1.0, depth=-1.0, flipHoriz=False, flipVert=False, image=None, interpolate=True, mask=None, maskParams=None, name='equation_operator', opacity=1.0, ori=0.0, pos=array([0., 0.]), size=array([1.125, 2.   ]), texRes=128, units='norm', win=Window(...))
6.6411 	EXP 	Created equation_second_term = ImageStim(__class__=<class 'psychopy.visual.image.ImageStim'>, anchor=('center', 'center'), autoLog=True, color=array([1., 1., 1.]), colorSpace='rgb', contrast=1.0, depth=-1.0, flipHoriz=False, flipVert=False, image=None, interpolate=True, mask=None, maskParams=None, name='equation_second_term', opacity=1.0, ori=0.0, pos=array([0., 0.]), size=array([1.125, 2.   ]), texRes=128, units='norm', win=Window(...))
6.6427 	EXP 	Created equation = ImageStim(__class__=<class 'psychopy.visual.image.ImageStim'>, anchor=('center', 'center'), autoLog=True, color=array([1., 1., 1.]), colorSpace='rgb', contrast=1.0, depth=-1.0, flipHoriz=False, flipVert=False, image=None, interpolate=True, mask=None, maskParams=None, name='equation', opacity=1.0, ori=0.0, pos=array([0., 0.]), size=array([1.125, 2.   ]), texRes=128, units='norm', win=Window(...))
6.6442 	EXP 	Created comparison = ImageStim(__class__=<class 'psychopy.visual.image.ImageStim'>, anchor=('center', 'center'), autoLog=True, color=array([1., 1., 1.]), colorSpace='rgb', contrast=1.0, depth=-1.0, flipHoriz=False, flipVert=False, image=None, interpolate=True, mask=None, maskParams=None, name='comparison', opacity=1.0, ori=0.0, pos=array([0., 0.]), size=array([1.125, 2.   ]), texRes=128, units='norm', win=Window(...))
6.6457 	EXP 	Created feedback = ImageStim(__class__=<class 'psychopy.visual.image.ImageStim'>, anchor=('center', 'center'), autoLog=True, color=array([1., 1., 1.]), colorSpace='rgb', contrast=1.0, depth=-1.0, flipHoriz=False, flipVert=False, image=None, interpolate=True, mask=None, maskParams=None, name='feedback', opacity=1.0, ori=0.0, pos=array([0., 0.]), size=array([1.125, 2.   ]), texRes=128, units='norm', win=Window(...))
6.6923 	EXP 	Created fixation = TextStim(__class__=<class 'psychopy.visual.text.TextStim'>, alignHoriz=method-wrapper(...), alignText='center', alignVert=method-wrapper(...), anchorHoriz='center', anchorVert='center', antialias=True, autoDraw=False, autoLog=True, bold=False, color=array([1., 1., 1.]), colorSpace='rgb', contrast=1.0, depth=0.0, flipHoriz=False, flipVert=False, font='Arial', fontFiles=[], height=0.14, italic=False, languageStyle='LTR', name='fixation', opacity=1.0, ori=0, pos=array([0., 0.]), rgb=UNKNOWN, text='•', units='norm', win=Window(...), wrapWidth=1)
6.6940 	EXP 	Created fixation = TextStim(__class__=<class 'psychopy.visual.text.TextStim'>, alignHoriz=method-wrapper(...), alignText='center', alignVert=method-wrapper(...), anchorHoriz='center', anchorVert='center', antialias=True, autoDraw=False, autoLog=True, bold=False, color=array([ 1., -1., -1.]), colorSpace='rgb', contrast=1.0, depth=0.0, flipHoriz=False, flipVert=False, font='Arial', fontFiles=[], height=0.14, italic=False, languageStyle='LTR', name='fixation', opacity=1.0, ori=0, pos=array([0., 0.]), rgb=UNKNOWN, text='•', units='norm', win=Window(...), wrapWidth=1)
6.6966 	EXP 	Created fixation = TextStim(__class__=<class 'psychopy.visual.text.TextStim'>, alignHoriz=method-wrapper(...), alignText='center', alignVert=method-wrapper(...), anchorHoriz='center', anchorVert='center', antialias=True, autoDraw=False, autoLog=True, bold=False, color=array([1., 1., 1.]), colorSpace='rgb', contrast=1.0, depth=0.0, flipHoriz=False, flipVert=False, font='Arial', fontFiles=[], height=0.14, italic=False, languageStyle='LTR', name='fixation', opacity=1.0, ori=0, pos=array([0., 0.]), rgb=UNKNOWN, text='?', units='norm', win=Window(...), wrapWidth=1)
6.7065 	EXP 	Created end_screen = TextStim(__class__=<class 'psychopy.visual.text.TextStim'>, alignHoriz=method-wrapper(...), alignText='center', alignVert=method-wrapper(...), anchorHoriz='center', anchorVert='center', antialias=True, autoDraw=False, autoLog=True, bold=False, color=array([1., 1., 1.]), colorSpace='rgb', contrast=1.0, depth=0.0, flipHoriz=False, flipVert=False, font='Arial', fontFiles=[], height=0.14, italic=False, languageStyle='LTR', name='end_screen', opacity=1.0, ori=0, pos=array([0., 0.]), rgb=UNKNOWN, text='The task is now complete.', units='norm', win=Window(...), wrapWidth=1)
6.7067 	EXP 	Created sequence: random, trialTypes=1, nReps=2, seed=None
6.7068 	EXP 	New trial (rep=0, index=0): None
6.7091 	EXP 	Created sequence: random, trialTypes=1, nReps=24, seed=None
6.7243 	EXP 	Created instruction_text_box = TextStim(__class__=<class 'psychopy.visual.text.TextStim'>, alignHoriz=method-wrapper(...), alignText='center', alignVert=method-wrapper(...), anchorHoriz='center', anchorVert='center', antialias=True, autoDraw=False, autoLog=True, bold=False, color=array([1., 1., 1.]), colorSpace='rgb', contrast=1.0, depth=-1.0, flipHoriz=False, flipVert=False, font='Arial', fontFiles=[], height=0.1, italic=False, languageStyle='LTR', name='instruction_text_box', opacity=1.0, ori=0, pos=array([0., 0.]), rgb=UNKNOWN, text=str(...), units='norm', win=Window(...), wrapWidth=1.3)
7.1329 	DATA 	Keypress: space
13.1400 	EXP 	New trial (rep=0, index=0): None
13.2373 	EXP 	equation_first_term: image = 'C:\\Users\\donis\\OneDrive\\Desktop\\Files\\Arithmetic-Task - FINAL\\stimuli\\numerals\\english\\30_e.png'
13.2373 	EXP 	equation_second_term: image = 'C:\\Users\\donis\\OneDrive\\Desktop\\Files\\Arithmetic-Task - FINAL\\stimuli\\numerals\\english\\04_e.png'
13.2373 	EXP 	equation_operator: image = 'C:\\Users\\donis\\OneDrive\\Desktop\\Files\\Arithmetic-Task - FINAL\\stimuli\\numerals\\english\\add_e.png'
13.2373 	EXP 	comparison: image = 'C:\\Users\\donis\\OneDrive\\Desktop\\Files\\Arithmetic-Task - FINAL\\stimuli\\numerals\\english\\35_e.png'
29.2645 	EXP 	feedback: image = 'C:\\Users\\donis\\OneDrive\\Desktop\\Files\\Arithmetic-Task - FINAL\\stimuli\\feedback\\negative.png'
33.4593 	EXP 	New trial (rep=1, index=0): None
33.5567 	EXP 	equation_first_term: image = 'C:\\Users\\donis\\OneDrive\\Desktop\\Files\\Arithmetic-Task - FINAL\\stimuli\\numerals\\english\\28_e.png'
33.5567 	EXP 	equation_second_term: image = 'C:\\Users\\donis\\OneDrive\\Desktop\\Files\\Arithmetic-Task - FINAL\\stimuli\\numerals\\english\\16_e.png'
33.5567 	EXP 	equation_operator: image = 'C:\\Users\\donis\\OneDrive\\Desktop\\Files\\Arithmetic-Task - FINAL\\stimuli\\numerals\\english\\subtract_e.png'
33.5567 	EXP 	comparison: image = 'C:\\Users\\donis\\OneDrive\\Desktop\\Files\\Arithmetic-Task - FINAL\\stimuli\\numerals\\english\\09_e.png'
47.2781 	EXP 	feedback: image = 'C:\\Users\\donis\\OneDrive\\Desktop\\Files\\Arithmetic-Task - FINAL\\stimuli\\feedback\\negative.png'
54.6743 	EXP 	New trial (rep=2, index=0): None
54.7439 	EXP 	equation_first_term: image = 'C:\\Users\\donis\\OneDrive\\Desktop\\Files\\Arithmetic-Task - FINAL\\stimuli\\numerals\\english\\07_e.png'
54.7439 	EXP 	equation_second_term: image = 'C:\\Users\\donis\\OneDrive\\Desktop\\Files\\Arithmetic-Task - FINAL\\stimuli\\numerals\\english\\06_e.png'
54.7439 	EXP 	equation_operator: image = 'C:\\Users\\donis\\OneDrive\\Desktop\\Files\\Arithmetic-Task - FINAL\\stimuli\\numerals\\english\\add_e.png'
54.7439 	EXP 	comparison: image = 'C:\\Users\\donis\\OneDrive\\Desktop\\Files\\Arithmetic-Task - FINAL\\stimuli\\numerals\\english\\08_e.png'
68.4653 	EXP 	feedback: image = 'C:\\Users\\donis\\OneDrive\\Desktop\\Files\\Arithmetic-Task - FINAL\\stimuli\\feedback\\negative.png'
71.7643 	EXP 	New trial (rep=3, index=0): None
71.8268 	EXP 	equation_first_term: image = 'C:\\Users\\donis\\OneDrive\\Desktop\\Files\\Arithmetic-Task - FINAL\\stimuli\\numerals\\21_n.png'
71.8268 	EXP 	equation_second_term: image = 'C:\\Users\\donis\\OneDrive\\Desktop\\Files\\Arithmetic-Task - FINAL\\stimuli\\numerals\\15_n.png'
71.8268 	EXP 	equation_operator: image = 'C:\\Users\\donis\\OneDrive\\Desktop\\Files\\Arithmetic-Task - FINAL\\stimuli\\numerals\\divide_n.png'
71.8268 	EXP 	comparison: image = 'C:\\Users\\donis\\OneDrive\\Desktop\\Files\\Arithmetic-Task - FINAL\\stimuli\\numerals\\05_n.png'
86.3400 	EXP 	feedback: image = 'C:\\Users\\donis\\OneDrive\\Desktop\\Files\\Arithmetic-Task - FINAL\\stimuli\\feedback\\negative.png'
90.3335 	EXP 	New trial (rep=4, index=0): None
90.3886 	EXP 	equation_first_term: image = 'C:\\Users\\donis\\OneDrive\\Desktop\\Files\\Arithmetic-Task - FINAL\\stimuli\\numerals\\07_n.png'
90.3886 	EXP 	equation_second_term: image = 'C:\\Users\\donis\\OneDrive\\Desktop\\Files\\Arithmetic-Task - FINAL\\stimuli\\numerals\\05_n.png'
90.3886 	EXP 	equation_operator: image = 'C:\\Users\\donis\\OneDrive\\Desktop\\Files\\Arithmetic-Task - FINAL\\stimuli\\numerals\\subtract_n.png'
90.3886 	EXP 	comparison: image = 'C:\\Users\\donis\\OneDrive\\Desktop\\Files\\Arithmetic-Task - FINAL\\stimuli\\numerals\\-8_n.png'
104.9022 	EXP 	feedback: image = 'C:\\Users\\donis\\OneDrive\\Desktop\\Files\\Arithmetic-Task - FINAL\\stimuli\\feedback\\negative.png'
112.7985 	EXP 	New trial (rep=5, index=0): None
112.8456 	EXP 	equation_first_term: image = 'C:\\Users\\donis\\OneDrive\\Desktop\\Files\\Arithmetic-Task - FINAL\\stimuli\\numerals\\28_n.png'
112.8456 	EXP 	equation_second_term: image = 'C:\\Users\\donis\\OneDrive\\Desktop\\Files\\Arithmetic-Task - FINAL\\stimuli\\numerals\\10_n.png'
112.8456 	EXP 	equation_operator: image = 'C:\\Users\\donis\\OneDrive\\Desktop\\Files\\Arithmetic-Task - FINAL\\stimuli\\numerals\\divide_n.png'
112.8456 	EXP 	comparison: image = 'C:\\Users\\donis\\OneDrive\\Desktop\\Files\\Arithmetic-Task - FINAL\\stimuli\\numerals\\-1_n.png'
124.4644 	EXP 	feedback: image = 'C:\\Users\\donis\\OneDrive\\Desktop\\Files\\Arithmetic-Task - FINAL\\stimuli\\feedback\\negative.png'
129.5620 	EXP 	New trial (rep=6, index=0): None
129.6171 	EXP 	equation_first_term: image = 'C:\\Users\\donis\\OneDrive\\Desktop\\Files\\Arithmetic-Task - FINAL\\stimuli\\numerals\\22_n.png'
129.6171 	EXP 	equation_second_term: image = 'C:\\Users\\donis\\OneDrive\\Desktop\\Files\\Arithmetic-Task - FINAL\\stimuli\\numerals\\01_n.png'
129.6171 	EXP 	equation_operator: image = 'C:\\Users\\donis\\OneDrive\\Desktop\\Files\\Arithmetic-Task - FINAL\\stimuli\\numerals\\divide_n.png'
129.6171 	EXP 	comparison: image = 'C:\\Users\\donis\\OneDrive\\Desktop\\Files\\Arithmetic-Task - FINAL\\stimuli\\numerals\\24_n.png'
143.3392 	EXP 	feedback: image = 'C:\\Users\\donis\\OneDrive\\Desktop\\Files\\Arithmetic-Task - FINAL\\stimuli\\feedback\\negative.png'
147.8466 	EXP 	New trial (rep=7, index=0): None
147.9214 	EXP 	equation_first_term: image = 'C:\\Users\\donis\\OneDrive\\Desktop\\Files\\Arithmetic-Task - FINAL\\stimuli\\numerals\\english\\10_e.png'
147.9214 	EXP 	equation_second_term: image = 'C:\\Users\\donis\\OneDrive\\Desktop\\Files\\Arithmetic-Task - FINAL\\stimuli\\numerals\\english\\04_e.png'
147.9214 	EXP 	equation_operator: image = 'C:\\Users\\donis\\OneDrive\\Desktop\\Files\\Arithmetic-Task - FINAL\\stimuli\\numerals\\english\\multiply_e.png'
147.9214 	EXP 	comparison: image = 'C:\\Users\\donis\\OneDrive\\Desktop\\Files\\Arithmetic-Task - FINAL\\stimuli\\numerals\\english\\37_e.png'
162.1444 	EXP 	feedback: image = 'C:\\Users\\donis\\OneDrive\\Desktop\\Files\\Arithmetic-Task - FINAL\\stimuli\\feedback\\negative.png'
166.8393 	EXP 	New trial (rep=8, index=0): None
166.8879 	EXP 	equation_first_term: image = 'C:\\Users\\donis\\OneDrive\\Desktop\\Files\\Arithmetic-Task - FINAL\\stimuli\\numerals\\24_n.png'
166.8879 	EXP 	equation_second_term: image = 'C:\\Users\\donis\\OneDrive\\Desktop\\Files\\Arithmetic-Task - FINAL\\stimuli\\numerals\\01_n.png'
166.8879 	EXP 	equation_operator: image = 'C:\\Users\\donis\\OneDrive\\Desktop\\Files\\Arithmetic-Task - FINAL\\stimuli\\numerals\\multiply_n.png'
166.8879 	EXP 	comparison: image = 'C:\\Users\\donis\\OneDrive\\Desktop\\Files\\Arithmetic-Task - FINAL\\stimuli\\numerals\\22_n.png'
180.8039 	EXP 	feedback: image = 'C:\\Users\\donis\\OneDrive\\Desktop\\Files\\Arithmetic-Task - FINAL\\stimuli\\feedback\\negative.png'
185.8044 	EXP 	New trial (rep=9, index=0): None
185.8877 	EXP 	equation_first_term: image = 'C:\\Users\\donis\\OneDrive\\Desktop\\Files\\Arithmetic-Task - FINAL\\stimuli\\numerals\\english\\08_e.png'
185.8877 	EXP 	equation_second_term: image = 'C:\\Users\\donis\\OneDrive\\Desktop\\Files\\Arithmetic-Task - FINAL\\stimuli\\numerals\\english\\12_e.png'
185.8877 	EXP 	equation_operator: image = 'C:\\Users\\donis\\OneDrive\\Desktop\\Files\\Arithmetic-Task - FINAL\\stimuli\\numerals\\english\\add_e.png'
185.8877 	EXP 	comparison: image = 'C:\\Users\\donis\\OneDrive\\Desktop\\Files\\Arithmetic-Task - FINAL\\stimuli\\numerals\\english\\23_e.png'
203.7344 	EXP 	feedback: image = 'C:\\Users\\donis\\OneDrive\\Desktop\\Files\\Arithmetic-Task - FINAL\\stimuli\\feedback\\noninformative.png'
206.5958 	EXP 	New trial (rep=10, index=0): None
206.6433 	EXP 	equation_first_term: image = 'C:\\Users\\donis\\OneDrive\\Desktop\\Files\\Arithmetic-Task - FINAL\\stimuli\\numerals\\07_n.png'
206.6433 	EXP 	equation_second_term: image = 'C:\\Users\\donis\\OneDrive\\Desktop\\Files\\Arithmetic-Task - FINAL\\stimuli\\numerals\\13_n.png'
206.6433 	EXP 	equation_operator: image = 'C:\\Users\\donis\\OneDrive\\Desktop\\Files\\Arithmetic-Task - FINAL\\stimuli\\numerals\\add_n.png'
206.6433 	EXP 	comparison: image = 'C:\\Users\\donis\\OneDrive\\Desktop\\Files\\Arithmetic-Task - FINAL\\stimuli\\numerals\\22_n.png'
219.4283 	EXP 	feedback: image = 'C:\\Users\\donis\\OneDrive\\Desktop\\Files\\Arithmetic-Task - FINAL\\stimuli\\feedback\\noninformative.png'
224.4009 	EXP 	New trial (rep=11, index=0): None
224.4421 	EXP 	equation_first_term: image = 'C:\\Users\\donis\\OneDrive\\Desktop\\Files\\Arithmetic-Task - FINAL\\stimuli\\numerals\\10_n.png'
224.4421 	EXP 	equation_second_term: image = 'C:\\Users\\donis\\OneDrive\\Desktop\\Files\\Arithmetic-Task - FINAL\\stimuli\\numerals\\03_n.png'
224.4421 	EXP 	equation_operator: image = 'C:\\Users\\donis\\OneDrive\\Desktop\\Files\\Arithmetic-Task - FINAL\\stimuli\\numerals\\divide_n.png'
224.4421 	EXP 	comparison: image = 'C:\\Users\\donis\\OneDrive\\Desktop\\Files\\Arithmetic-Task - FINAL\\stimuli\\numerals\\03_n.png'
238.2812 	EXP 	feedback: image = 'C:\\Users\\donis\\OneDrive\\Desktop\\Files\\Arithmetic-Task - FINAL\\stimuli\\feedback\\negative.png'
242.5882 	EXP 	New trial (rep=12, index=0): None
242.6714 	EXP 	equation_first_term: image = 'C:\\Users\\donis\\OneDrive\\Desktop\\Files\\Arithmetic-Task - FINAL\\stimuli\\numerals\\english\\13_e.png'
242.6714 	EXP 	equation_second_term: image = 'C:\\Users\\donis\\OneDrive\\Desktop\\Files\\Arithmetic-Task - FINAL\\stimuli\\numerals\\english\\07_e.png'
242.6714 	EXP 	equation_operator: image = 'C:\\Users\\donis\\OneDrive\\Desktop\\Files\\Arithmetic-Task - FINAL\\stimuli\\numerals\\english\\multiply_e.png'
242.6714 	EXP 	comparison: image = 'C:\\Users\\donis\\OneDrive\\Desktop\\Files\\Arithmetic-Task - FINAL\\stimuli\\numerals\\english\\92_e.png'
255.0944 	EXP 	feedback: image = 'C:\\Users\\donis\\OneDrive\\Desktop\\Files\\Arithmetic-Task - FINAL\\stimuli\\feedback\\negative.png'
261.4003 	EXP 	New trial (rep=13, index=0): None
261.4683 	EXP 	equation_first_term: image = 'C:\\Users\\donis\\OneDrive\\Desktop\\Files\\Arithmetic-Task - FINAL\\stimuli\\numerals\\english\\05_e.png'
261.4683 	EXP 	equation_second_term: image = 'C:\\Users\\donis\\OneDrive\\Desktop\\Files\\Arithmetic-Task - FINAL\\stimuli\\numerals\\english\\08_e.png'
261.4683 	EXP 	equation_operator: image = 'C:\\Users\\donis\\OneDrive\\Desktop\\Files\\Arithmetic-Task - FINAL\\stimuli\\numerals\\english\\multiply_e.png'
261.4683 	EXP 	comparison: image = 'C:\\Users\\donis\\OneDrive\\Desktop\\Files\\Arithmetic-Task - FINAL\\stimuli\\numerals\\english\\39_e.png'
271.4970 	EXP 	feedback: image = 'C:\\Users\\donis\\OneDrive\\Desktop\\Files\\Arithmetic-Task - FINAL\\stimuli\\feedback\\negative.png'
277.9904 	EXP 	New trial (rep=14, index=0): None
278.0391 	EXP 	equation_first_term: image = 'C:\\Users\\donis\\OneDrive\\Desktop\\Files\\Arithmetic-Task - FINAL\\stimuli\\numerals\\27_n.png'
278.0391 	EXP 	equation_second_term: image = 'C:\\Users\\donis\\OneDrive\\Desktop\\Files\\Arithmetic-Task - FINAL\\stimuli\\numerals\\03_n.png'
278.0391 	EXP 	equation_operator: image = 'C:\\Users\\donis\\OneDrive\\Desktop\\Files\\Arithmetic-Task - FINAL\\stimuli\\numerals\\subtract_n.png'
278.0391 	EXP 	comparison: image = 'C:\\Users\\donis\\OneDrive\\Desktop\\Files\\Arithmetic-Task - FINAL\\stimuli\\numerals\\19_n.png'
289.0512 	EXP 	feedback: image = 'C:\\Users\\donis\\OneDrive\\Desktop\\Files\\Arithmetic-Task - FINAL\\stimuli\\feedback\\negative.png'
293.2542 	EXP 	New trial (rep=15, index=0): None
293.3164 	EXP 	equation_first_term: image = 'C:\\Users\\donis\\OneDrive\\Desktop\\Files\\Arithmetic-Task - FINAL\\stimuli\\numerals\\english\\22_e.png'
293.3164 	EXP 	equation_second_term: image = 'C:\\Users\\donis\\OneDrive\\Desktop\\Files\\Arithmetic-Task - FINAL\\stimuli\\numerals\\english\\09_e.png'
293.3164 	EXP 	equation_operator: image = 'C:\\Users\\donis\\OneDrive\\Desktop\\Files\\Arithmetic-Task - FINAL\\stimuli\\numerals\\english\\subtract_e.png'
293.3164 	EXP 	comparison: image = 'C:\\Users\\donis\\OneDrive\\Desktop\\Files\\Arithmetic-Task - FINAL\\stimuli\\numerals\\english\\06_e.png'
308.0798 	EXP 	feedback: image = 'C:\\Users\\donis\\OneDrive\\Desktop\\Files\\Arithmetic-Task - FINAL\\stimuli\\feedback\\noninformative.png'
311.8441 	EXP 	New trial (rep=16, index=0): None
311.8842 	EXP 	equation_first_term: image = 'C:\\Users\\donis\\OneDrive\\Desktop\\Files\\Arithmetic-Task - FINAL\\stimuli\\numerals\\29_n.png'
311.8842 	EXP 	equation_second_term: image = 'C:\\Users\\donis\\OneDrive\\Desktop\\Files\\Arithmetic-Task - FINAL\\stimuli\\numerals\\07_n.png'
311.8842 	EXP 	equation_operator: image = 'C:\\Users\\donis\\OneDrive\\Desktop\\Files\\Arithmetic-Task - FINAL\\stimuli\\numerals\\divide_n.png'
311.8842 	EXP 	comparison: image = 'C:\\Users\\donis\\OneDrive\\Desktop\\Files\\Arithmetic-Task - FINAL\\stimuli\\numerals\\05_n.png'
322.5243 	EXP 	feedback: image = 'C:\\Users\\donis\\OneDrive\\Desktop\\Files\\Arithmetic-Task - FINAL\\stimuli\\feedback\\negative.png'
326.4203 	EXP 	New trial (rep=17, index=0): None
326.4956 	EXP 	equation_first_term: image = 'C:\\Users\\donis\\OneDrive\\Desktop\\Files\\Arithmetic-Task - FINAL\\stimuli\\numerals\\english\\26_e.png'
326.4956 	EXP 	equation_second_term: image = 'C:\\Users\\donis\\OneDrive\\Desktop\\Files\\Arithmetic-Task - FINAL\\stimuli\\numerals\\english\\08_e.png'
326.4956 	EXP 	equation_operator: image = 'C:\\Users\\donis\\OneDrive\\Desktop\\Files\\Arithmetic-Task - FINAL\\stimuli\\numerals\\english\\add_e.png'
326.4956 	EXP 	comparison: image = 'C:\\Users\\donis\\OneDrive\\Desktop\\Files\\Arithmetic-Task - FINAL\\stimuli\\numerals\\english\\39_e.png'
337.8154 	EXP 	feedback: image = 'C:\\Users\\donis\\OneDrive\\Desktop\\Files\\Arithmetic-Task - FINAL\\stimuli\\feedback\\negative.png'
340.6214 	EXP 	New trial (rep=18, index=0): None
340.7331 	EXP 	equation_first_term: image = 'C:\\Users\\donis\\OneDrive\\Desktop\\Files\\Arithmetic-Task - FINAL\\stimuli\\numerals\\english\\29_e.png'
340.7331 	EXP 	equation_second_term: image = 'C:\\Users\\donis\\OneDrive\\Desktop\\Files\\Arithmetic-Task - FINAL\\stimuli\\numerals\\english\\23_e.png'
340.7331 	EXP 	equation_operator: image = 'C:\\Users\\donis\\OneDrive\\Desktop\\Files\\Arithmetic-Task - FINAL\\stimuli\\numerals\\english\\divide_e.png'
340.7331 	EXP 	comparison: image = 'C:\\Users\\donis\\OneDrive\\Desktop\\Files\\Arithmetic-Task - FINAL\\stimuli\\numerals\\english\\03_e.png'
353.7458 	EXP 	feedback: image = 'C:\\Users\\donis\\OneDrive\\Desktop\\Files\\Arithmetic-Task - FINAL\\stimuli\\feedback\\negative.png'
358.5517 	EXP 	New trial (rep=19, index=0): None
358.6491 	EXP 	equation_first_term: image = 'C:\\Users\\donis\\OneDrive\\Desktop\\Files\\Arithmetic-Task - FINAL\\stimuli\\numerals\\english\\19_e.png'
358.6491 	EXP 	equation_second_term: image = 'C:\\Users\\donis\\OneDrive\\Desktop\\Files\\Arithmetic-Task - FINAL\\stimuli\\numerals\\english\\28_e.png'
358.6491 	EXP 	equation_operator: image = 'C:\\Users\\donis\\OneDrive\\Desktop\\Files\\Arithmetic-Task - FINAL\\stimuli\\numerals\\english\\subtract_e.png'
358.6491 	EXP 	comparison: image = 'C:\\Users\\donis\\OneDrive\\Desktop\\Files\\Arithmetic-Task - FINAL\\stimuli\\numerals\\english\\-18_e.png'
372.6616 	EXP 	feedback: image = 'C:\\Users\\donis\\OneDrive\\Desktop\\Files\\Arithmetic-Task - FINAL\\stimuli\\feedback\\negative.png'
378.5653 	EXP 	New trial (rep=20, index=0): None
378.6059 	EXP 	equation_first_term: image = 'C:\\Users\\donis\\OneDrive\\Desktop\\Files\\Arithmetic-Task - FINAL\\stimuli\\numerals\\07_n.png'
378.6059 	EXP 	equation_second_term: image = 'C:\\Users\\donis\\OneDrive\\Desktop\\Files\\Arithmetic-Task - FINAL\\stimuli\\numerals\\11_n.png'
378.6059 	EXP 	equation_operator: image = 'C:\\Users\\donis\\OneDrive\\Desktop\\Files\\Arithmetic-Task - FINAL\\stimuli\\numerals\\add_n.png'
378.6059 	EXP 	comparison: image = 'C:\\Users\\donis\\OneDrive\\Desktop\\Files\\Arithmetic-Task - FINAL\\stimuli\\numerals\\21_n.png'
391.1330 	EXP 	feedback: image = 'C:\\Users\\donis\\OneDrive\\Desktop\\Files\\Arithmetic-Task - FINAL\\stimuli\\feedback\\negative.png'
395.2387 	EXP 	New trial (rep=21, index=0): None
395.2938 	EXP 	equation_first_term: image = 'C:\\Users\\donis\\OneDrive\\Desktop\\Files\\Arithmetic-Task - FINAL\\stimuli\\numerals\\english\\10_e.png'
395.2938 	EXP 	equation_second_term: image = 'C:\\Users\\donis\\OneDrive\\Desktop\\Files\\Arithmetic-Task - FINAL\\stimuli\\numerals\\english\\06_e.png'
395.2938 	EXP 	equation_operator: image = 'C:\\Users\\donis\\OneDrive\\Desktop\\Files\\Arithmetic-Task - FINAL\\stimuli\\numerals\\english\\multiply_e.png'
395.2938 	EXP 	comparison: image = 'C:\\Users\\donis\\OneDrive\\Desktop\\Files\\Arithmetic-Task - FINAL\\stimuli\\numerals\\english\\61_e.png'
408.1477 	EXP 	feedback: image = 'C:\\Users\\donis\\OneDrive\\Desktop\\Files\\Arithmetic-Task - FINAL\\stimuli\\feedback\\noninformative.png'
412.3148 	EXP 	New trial (rep=22, index=0): None
412.3634 	EXP 	equation_first_term: image = 'C:\\Users\\donis\\OneDrive\\Desktop\\Files\\Arithmetic-Task - FINAL\\stimuli\\numerals\\04_n.png'
412.3634 	EXP 	equation_second_term: image = 'C:\\Users\\donis\\OneDrive\\Desktop\\Files\\Arithmetic-Task - FINAL\\stimuli\\numerals\\04_n.png'
412.3634 	EXP 	equation_operator: image = 'C:\\Users\\donis\\OneDrive\\Desktop\\Files\\Arithmetic-Task - FINAL\\stimuli\\numerals\\multiply_n.png'
412.3634 	EXP 	comparison: image = 'C:\\Users\\donis\\OneDrive\\Desktop\\Files\\Arithmetic-Task - FINAL\\stimuli\\numerals\\16_n.png'
428.9047 	EXP 	feedback: image = 'C:\\Users\\donis\\OneDrive\\Desktop\\Files\\Arithmetic-Task - FINAL\\stimuli\\feedback\\negative.png'
432.7034 	EXP 	New trial (rep=23, index=0): None
432.7446 	EXP 	equation_first_term: image = 'C:\\Users\\donis\\OneDrive\\Desktop\\Files\\Arithmetic-Task - FINAL\\stimuli\\numerals\\22_n.png'
432.7446 	EXP 	equation_second_term: image = 'C:\\Users\\donis\\OneDrive\\Desktop\\Files\\Arithmetic-Task - FINAL\\stimuli\\numerals\\06_n.png'
432.7446 	EXP 	equation_operator: image = 'C:\\Users\\donis\\OneDrive\\Desktop\\Files\\Arithmetic-Task - FINAL\\stimuli\\numerals\\subtract_n.png'
432.7446 	EXP 	comparison: image = 'C:\\Users\\donis\\OneDrive\\Desktop\\Files\\Arithmetic-Task - FINAL\\stimuli\\numerals\\16_n.png'
444.5708 	EXP 	feedback: image = 'C:\\Users\\donis\\OneDrive\\Desktop\\Files\\Arithmetic-Task - FINAL\\stimuli\\feedback\\negative.png'
457.1394 	EXP 	New trial (rep=1, index=0): None
457.1413 	EXP 	Created sequence: random, trialTypes=1, nReps=24, seed=None
457.1464 	EXP 	Created instruction_text_box = TextStim(__class__=<class 'psychopy.visual.text.TextStim'>, alignHoriz=method-wrapper(...), alignText='center', alignVert=method-wrapper(...), anchorHoriz='center', anchorVert='center', antialias=True, autoDraw=False, autoLog=True, bold=False, color=array([1., 1., 1.]), colorSpace='rgb', contrast=1.0, depth=-1.0, flipHoriz=False, flipVert=False, font='Arial', fontFiles=[], height=0.1, italic=False, languageStyle='LTR', name='instruction_text_box', opacity=1.0, ori=0, pos=array([0., 0.]), rgb=UNKNOWN, text=str(...), units='norm', win=Window(...), wrapWidth=1.3)
465.3838 	DATA 	Keypress: space
471.3900 	EXP 	New trial (rep=0, index=0): None
471.4796 	EXP 	equation_first_term: image = 'C:\\Users\\donis\\OneDrive\\Desktop\\Files\\Arithmetic-Task - FINAL\\stimuli\\numerals\\english\\21_e.png'
471.4796 	EXP 	equation_second_term: image = 'C:\\Users\\donis\\OneDrive\\Desktop\\Files\\Arithmetic-Task - FINAL\\stimuli\\numerals\\english\\22_e.png'
471.4796 	EXP 	equation_operator: image = 'C:\\Users\\donis\\OneDrive\\Desktop\\Files\\Arithmetic-Task - FINAL\\stimuli\\numerals\\english\\add_e.png'
471.4796 	EXP 	comparison: image = 'C:\\Users\\donis\\OneDrive\\Desktop\\Files\\Arithmetic-Task - FINAL\\stimuli\\numerals\\english\\41_e.png'
485.7299 	EXP 	feedback: image = 'C:\\Users\\donis\\OneDrive\\Desktop\\Files\\Arithmetic-Task - FINAL\\stimuli\\feedback\\noninformative.png'
486.9112 	DATA 	Keypress: escape
486.9612 	EXP 	window1: mouseVisible = True
